<?xml version="1.0" encoding="UTF-8"?>
<!-- Generated by org.testng.reporters.JUnitReportReporter -->
<testsuite hostname="sys" name="day26.DropdownOnGrid" tests="2" failures="0" timestamp="10 Oct 2015 05:55:13 GMT" time="237.099" errors="0">
  <testcase name="dropdownTest" time="132.429" classname="day26.DropdownOnGrid"/>
  <testcase name="dropdownTest" time="104.670" classname="day26.DropdownOnGrid"/>
</testsuite> <!-- day26.DropdownOnGrid -->
