<?xml version="1.0" encoding="UTF-8"?>
<!-- Generated by org.testng.reporters.JUnitReportReporter -->
<testsuite hostname="sys" name="day22.LoginUsingProperties" tests="1" failures="0" timestamp="5 Oct 2015 04:23:16 GMT" time="17.813" errors="0">
  <testcase name="loginTest" time="17.813" classname="day22.LoginUsingProperties"/>
</testsuite> <!-- day22.LoginUsingProperties -->
