<?xml version="1.0" encoding="UTF-8"?>
<!-- Generated by org.testng.reporters.JUnitReportReporter -->
<testsuite hostname="sys" name="day25.DatadrivenTesting_DB" tests="1" failures="0" timestamp="9 Oct 2015 04:15:06 GMT" time="24.318" errors="0">
  <testcase name="linksTest" time="24.318" classname="day25.DatadrivenTesting_DB"/>
</testsuite> <!-- day25.DatadrivenTesting_DB -->
