<?xml version="1.0" encoding="UTF-8"?>
<!-- Generated by org.testng.reporters.JUnitReportReporter -->
<testsuite hostname="sys" name="day16.CookiesTesting" tests="1" failures="0" timestamp="28 Sep 2015 05:30:21 GMT" time="52.330" errors="0">
  <testcase name="cookiesTest" time="52.330" classname="day16.CookiesTesting"/>
</testsuite> <!-- day16.CookiesTesting -->
