<?xml version="1.0" encoding="UTF-8"?>
<!-- Generated by org.testng.reporters.JUnitReportReporter -->
<testsuite hostname="sys" name="day16.SliderAutomation" tests="1" failures="0" timestamp="28 Sep 2015 05:05:15 GMT" time="26.661" errors="0">
  <testcase name="sliderTest" time="26.661" classname="day16.SliderAutomation"/>
</testsuite> <!-- day16.SliderAutomation -->
