<?xml version="1.0" encoding="UTF-8"?>
<!-- Generated by org.testng.reporters.JUnitReportReporter -->
<testsuite hostname="sys" name="day21.DatadrivenTesting4" tests="1" failures="0" timestamp="3 Oct 2015 04:41:07 GMT" time="30.828" errors="0">
  <testcase name="Ajaxtest" time="30.828" classname="day21.DatadrivenTesting4"/>
</testsuite> <!-- day21.DatadrivenTesting4 -->
