<?xml version="1.0" encoding="UTF-8"?>
<!-- Generated by org.testng.reporters.JUnitReportReporter -->
<testsuite hostname="sys" name="day16.MouseHover" tests="1" failures="0" timestamp="28 Sep 2015 04:23:09 GMT" time="15.339" errors="0">
  <testcase name="mouseHoverTest" time="15.339" classname="day16.MouseHover"/>
</testsuite> <!-- day16.MouseHover -->
