<?xml version="1.0" encoding="UTF-8"?>
<!-- Generated by org.testng.reporters.JUnitReportReporter -->
<testsuite hostname="sys" name="day12.XpathCreation" tests="1" failures="0" timestamp="22 Sep 2015 05:13:35 GMT" time="21.330" errors="0">
  <testcase name="xpathTest" time="21.330" classname="day12.XpathCreation"/>
</testsuite> <!-- day12.XpathCreation -->
