<?xml version="1.0" encoding="UTF-8"?>
<!-- Generated by org.testng.reporters.JUnitReportReporter -->
<testsuite hostname="sys" name="day29.Testcase1" tests="1" failures="0" timestamp="14 Oct 2015 05:04:06 GMT" time="11.156" errors="0">
  <testcase name="POMTestCase" time="11.156" classname="day29.Testcase1"/>
</testsuite> <!-- day29.Testcase1 -->
