<?xml version="1.0" encoding="UTF-8"?>
<!-- Generated by org.testng.reporters.JUnitReportReporter -->
<testsuite hostname="sys" name="day14.CheckBoxesTesting1" tests="1" failures="0" timestamp="24 Sep 2015 05:09:06 GMT" time="14.278" errors="0">
  <testcase name="checkBoxTest" time="14.278" classname="day14.CheckBoxesTesting1"/>
</testsuite> <!-- day14.CheckBoxesTesting1 -->
