<?xml version="1.0" encoding="UTF-8"?>
<!-- Generated by org.testng.reporters.JUnitReportReporter -->
<testsuite hostname="sys" name="day15.FramesTesting" tests="1" failures="0" timestamp="26 Sep 2015 05:20:03 GMT" time="13.603" errors="0">
  <testcase name="framesTest" time="13.603" classname="day15.FramesTesting"/>
</testsuite> <!-- day15.FramesTesting -->
