<?xml version="1.0" encoding="UTF-8"?>
<!-- Generated by org.testng.reporters.JUnitReportReporter -->
<testsuite hostname="sys" name="day20.DatadrivenTesting1" tests="1" failures="0" timestamp="2 Oct 2015 04:38:11 GMT" time="40.485" errors="0">
  <testcase name="linksTest" time="40.485" classname="day20.DatadrivenTesting1"/>
</testsuite> <!-- day20.DatadrivenTesting1 -->
