<?xml version="1.0" encoding="UTF-8"?>
<!-- Generated by org.testng.reporters.JUnitReportReporter -->
<testsuite hostname="sys" name="day26.LinksOnGrid" tests="2" failures="0" timestamp="10 Oct 2015 06:08:25 GMT" time="180.881" errors="0">
  <testcase name="dropdownTest" time="64.623" classname="day26.LinksOnGrid"/>
  <testcase name="dropdownTest" time="116.258" classname="day26.LinksOnGrid"/>
</testsuite> <!-- day26.LinksOnGrid -->
