<?xml version="1.0" encoding="UTF-8"?>
<!-- Generated by org.testng.reporters.JUnitReportReporter -->
<testsuite hostname="sys" name="day15.MultipleWindows2" tests="1" failures="0" timestamp="26 Sep 2015 04:48:19 GMT" time="43.241" errors="0">
  <testcase name="multipleWindowTest" time="43.241" classname="day15.MultipleWindows2"/>
</testsuite> <!-- day15.MultipleWindows2 -->
