<?xml version="1.0" encoding="UTF-8"?>
<!-- Generated by org.testng.reporters.JUnitReportReporter -->
<testsuite hostname="sys" name="day11.RadioButtonsTesting1" tests="1" failures="0" timestamp="21 Sep 2015 05:15:05 GMT" time="9.957" errors="0">
  <testcase name="radioButtonsTest" time="9.957" classname="day11.RadioButtonsTesting1"/>
</testsuite> <!-- day11.RadioButtonsTesting1 -->
