<?xml version="1.0" encoding="UTF-8"?>
<!-- Generated by org.testng.reporters.JUnitReportReporter -->
<testsuite hostname="sys" name="day14.Explicitwait_Fluentwait" tests="1" failures="0" timestamp="24 Sep 2015 04:06:55 GMT" time="28.274" errors="0">
  <testcase name="waitTest" time="28.274" classname="day14.Explicitwait_Fluentwait"/>
</testsuite> <!-- day14.Explicitwait_Fluentwait -->
