<?xml version="1.0" encoding="UTF-8"?>
<!-- Generated by org.testng.reporters.JUnitReportReporter -->
<testsuite hostname="sys" name="day16.RightClick" tests="1" failures="0" timestamp="28 Sep 2015 04:39:16 GMT" time="19.865" errors="0">
  <testcase name="rightClickTest" time="19.865" classname="day16.RightClick"/>
</testsuite> <!-- day16.RightClick -->
