<?xml version="1.0" encoding="UTF-8"?>
<!-- Generated by org.testng.reporters.JUnitReportReporter -->
<testsuite hostname="sys" name="day27.ParallelTesting" tests="4" failures="0" timestamp="12 Oct 2015 04:34:15 GMT" time="277.164" errors="0">
  <testcase name="loginTest" time="62.491" classname="day27.ParallelTesting"/>
  <testcase name="loginTest" time="80.050" classname="day27.ParallelTesting"/>
  <testcase name="loginTest" time="62.931" classname="day27.ParallelTesting"/>
  <testcase name="loginTest" time="71.692" classname="day27.ParallelTesting"/>
</testsuite> <!-- day27.ParallelTesting -->
