<?xml version="1.0" encoding="UTF-8"?>
<!-- Generated by org.testng.reporters.JUnitReportReporter -->
<testsuite hostname="sys" name="day17.WebtableTesting_Dynamic" tests="1" failures="0" timestamp="1 Oct 2015 05:27:41 GMT" time="19.341" errors="0">
  <testcase name="webtableTest" time="19.341" classname="day17.WebtableTesting_Dynamic"/>
</testsuite> <!-- day17.WebtableTesting_Dynamic -->
