<?xml version="1.0" encoding="UTF-8"?>
<!-- Generated by org.testng.reporters.JUnitReportReporter -->
<testsuite hostname="sys" name="day14.CapturingImagesandLinks" tests="1" failures="0" timestamp="24 Sep 2015 04:42:53 GMT" time="13.856" errors="0">
  <testcase name="imagesandLinkTest" time="13.856" classname="day14.CapturingImagesandLinks"/>
</testsuite> <!-- day14.CapturingImagesandLinks -->
