<?xml version="1.0" encoding="UTF-8"?>
<!-- Generated by org.testng.reporters.JUnitReportReporter -->
<testsuite hostname="sys" name="day12.XpathCreation2" tests="1" failures="0" timestamp="22 Sep 2015 05:24:54 GMT" time="13.902" errors="0">
  <testcase name="xpathTest" time="13.902" classname="day12.XpathCreation2"/>
</testsuite> <!-- day12.XpathCreation2 -->
