<?xml version="1.0" encoding="UTF-8"?>
<!-- Generated by org.testng.reporters.JUnitReportReporter -->
<testsuite hostname="sys" name="day14.CheckElementPresence" tests="1" failures="0" timestamp="24 Sep 2015 04:52:07 GMT" time="9.882" errors="0">
  <testcase name="elementPresenceTest" time="9.882" classname="day14.CheckElementPresence"/>
</testsuite> <!-- day14.CheckElementPresence -->
