<?xml version="1.0" encoding="UTF-8"?>
<!-- Generated by org.testng.reporters.JUnitReportReporter -->
<testsuite hostname="sys" name="day27.YahooLogin_DataProvider" tests="2" failures="0" timestamp="12 Oct 2015 04:11:11 GMT" time="94.284" errors="0">
  <testcase name="loginTest" time="63.794" classname="day27.YahooLogin_DataProvider"/>
  <testcase name="loginTest" time="30.490" classname="day27.YahooLogin_DataProvider"/>
</testsuite> <!-- day27.YahooLogin_DataProvider -->
