<?xml version="1.0" encoding="UTF-8"?>
<!-- Generated by org.testng.reporters.JUnitReportReporter -->
<testsuite hostname="sys" name="day19.WebtableExcel" tests="1" failures="0" timestamp="1 Oct 2015 05:32:03 GMT" time="19.220" errors="0">
  <testcase name="webtableTest" time="19.220" classname="day19.WebtableExcel"/>
</testsuite> <!-- day19.WebtableExcel -->
