<?xml version="1.0" encoding="UTF-8"?>
<!-- Generated by org.testng.reporters.JUnitReportReporter -->
<testsuite hostname="sys" name="day17.AjaxAutosuggestions" tests="1" failures="0" timestamp="29 Sep 2015 04:21:12 GMT" time="14.183" errors="0">
  <testcase name="ajaxTest" time="14.183" classname="day17.AjaxAutosuggestions"/>
</testsuite> <!-- day17.AjaxAutosuggestions -->
