<?xml version="1.0" encoding="UTF-8"?>
<!-- Generated by org.testng.reporters.JUnitReportReporter -->
<testsuite hostname="sys" name="day22.LoginusingKeywords" tests="1" failures="0" timestamp="5 Oct 2015 04:57:05 GMT" time="16.856" errors="0">
  <testcase name="loginTest" time="16.856" classname="day22.LoginusingKeywords"/>
</testsuite> <!-- day22.LoginusingKeywords -->
