<?xml version="1.0" encoding="UTF-8"?>
<!-- Generated by org.testng.reporters.JUnitReportReporter -->
<testsuite hostname="sys" name="day26.Login" tests="1" failures="0" timestamp="15 Oct 2015 04:27:41 GMT" time="5.135" errors="0">
  <testcase name="loginTest" time="5.135" classname="day26.Login"/>
</testsuite> <!-- day26.Login -->
