<?xml version="1.0" encoding="UTF-8"?>
<!-- Generated by org.testng.reporters.JUnitReportReporter -->
<testsuite hostname="sys" name="day13.ImplicitWait" tests="1" failures="0" timestamp="23 Sep 2015 04:53:25 GMT" time="18.394" errors="0">
  <testcase name="waitTest" time="18.394" classname="day13.ImplicitWait"/>
</testsuite> <!-- day13.ImplicitWait -->
