<?xml version="1.0" encoding="UTF-8"?>
<!-- Generated by org.testng.reporters.JUnitReportReporter -->
<testsuite hostname="sys" name="day16.DragandDrop" tests="1" failures="0" timestamp="28 Sep 2015 04:50:22 GMT" time="18.813" errors="0">
  <testcase name="dragandDropTest" time="18.813" classname="day16.DragandDrop"/>
</testsuite> <!-- day16.DragandDrop -->
