<?xml version="1.0" encoding="UTF-8"?>
<!-- Generated by org.testng.reporters.JUnitReportReporter -->
<testsuite hostname="sys" name="day18.Webtable_Calander" tests="1" failures="0" timestamp="30 Sep 2015 04:42:27 GMT" time="15.288" errors="0">
  <testcase name="webtableTest" time="15.288" classname="day18.Webtable_Calander"/>
</testsuite> <!-- day18.Webtable_Calander -->
