<?xml version="1.0" encoding="UTF-8"?>
<!-- Generated by org.testng.reporters.JUnitReportReporter -->
<testsuite hostname="sys" name="day15.MultipleWindows1" tests="1" failures="0" timestamp="26 Sep 2015 04:18:53 GMT" time="26.181" errors="0">
  <testcase name="multipleWindowTest" time="26.181" classname="day15.MultipleWindows1"/>
</testsuite> <!-- day15.MultipleWindows1 -->
