<?xml version="1.0" encoding="UTF-8"?>
<!-- Generated by org.testng.reporters.JUnitReportReporter -->
<testsuite hostname="sys" name="day20.DatadrivenTesting2" tests="1" failures="0" timestamp="3 Oct 2015 04:14:41 GMT" time="55.019" errors="0">
  <testcase name="linksTest" time="55.019" classname="day20.DatadrivenTesting2"/>
</testsuite> <!-- day20.DatadrivenTesting2 -->
