<?xml version="1.0" encoding="UTF-8"?>
<!-- Generated by org.testng.reporters.JUnitReportReporter -->
<testsuite hostname="sys" name="day26.Links" tests="1" failures="0" timestamp="15 Oct 2015 04:27:41 GMT" time="86.553" errors="0">
  <testcase name="linksTest" time="86.553" classname="day26.Links"/>
</testsuite> <!-- day26.Links -->
