<?xml version="1.0" encoding="UTF-8"?>
<!-- Generated by org.testng.reporters.JUnitReportReporter -->
<testsuite hostname="sys" name="day14.CheckBoxesTesting2" tests="1" failures="0" timestamp="24 Sep 2015 05:12:37 GMT" time="13.066" errors="0">
  <testcase name="checkBoxTest" time="13.066" classname="day14.CheckBoxesTesting2"/>
</testsuite> <!-- day14.CheckBoxesTesting2 -->
