<?xml version="1.0" encoding="UTF-8"?>
<!-- Generated by org.testng.reporters.JUnitReportReporter -->
<testsuite hostname="sys" name="day21.MultiDropdownSelection" tests="1" failures="0" timestamp="3 Oct 2015 05:00:43 GMT" time="13.649" errors="0">
  <testcase name="dropdownTest" time="13.649" classname="day21.MultiDropdownSelection"/>
</testsuite> <!-- day21.MultiDropdownSelection -->
