<?xml version="1.0" encoding="UTF-8"?>
<!-- Generated by org.testng.reporters.JUnitReportReporter -->
<testsuite hostname="sys" name="day17.WebtableTesting1" tests="1" failures="0" timestamp="29 Sep 2015 04:37:58 GMT" time="16.680" errors="0">
  <testcase name="webtableTest" time="16.680" classname="day17.WebtableTesting1"/>
</testsuite> <!-- day17.WebtableTesting1 -->
