<?xml version="1.0" encoding="UTF-8"?>
<!-- Generated by org.testng.reporters.JUnitReportReporter -->
<testsuite hostname="sys" name="day11.DropdownusingSelect" tests="1" failures="0" timestamp="21 Sep 2015 04:55:07 GMT" time="12.635" errors="0">
  <testcase name="dropdownTest" time="12.635" classname="day11.DropdownusingSelect"/>
</testsuite> <!-- day11.DropdownusingSelect -->
