<?xml version="1.0" encoding="UTF-8"?>
<!-- Generated by org.testng.reporters.JUnitReportReporter -->
<testsuite hostname="sys" name="day13.ExplicitWait_webdriverwait" tests="1" failures="0" timestamp="23 Sep 2015 05:10:01 GMT" time="18.792" errors="0">
  <testcase name="waitTest" time="18.792" classname="day13.ExplicitWait_webdriverwait"/>
</testsuite> <!-- day13.ExplicitWait_webdriverwait -->
