<?xml version="1.0" encoding="UTF-8"?>
<!-- Generated by org.testng.reporters.JUnitReportReporter -->
<testsuite hostname="sys" name="day25.YahooLogin" tests="1" failures="1" timestamp="10 Oct 2015 06:36:53 GMT" time="57.737" errors="0">
  <testcase name="loginTest" time="57.737" classname="day25.YahooLogin">
    <failure type="org.openqa.selenium.WebDriverException" message="Unable to connect to host 127.0.0.1 on port 7055 after 45000 ms. Firefox console output:
mp\anonymous7675124777387963881webdriver-profile\extensions\webdriver-staging
1444458962316	addons.xpi	INFO	Mapping {972ce4c6-7e08-4474-a285-3208198ce6fd} to C:\Program Files (x86)\Mozilla Firefox\browser\extensions\{972ce4c6-7e08-4474-a285-3208198ce6fd}
1444458962317	addons.xpi	DEBUG	Skipping unavailable install location app-system-share
1444458962317	addons.xpi	DEBUG	Skipping unavailable install location app-system-local
1444458962319	addons.xpi	DEBUG	checkForChanges
1444458962319	addons.xpi	DEBUG	Loaded add-on state from prefs: {&quot;app-profile&quot;:{&quot;fxdriver@googlecode.com&quot;:{&quot;d&quot;:&quot;C:\\Users\\user\\AppData\\Local\\Temp\\anonymous7675124777387963881webdriver-profile\\extensions\\fxdriver@googlecode.com&quot;,&quot;e&quot;:true,&quot;v&quot;:&quot;2.44.0&quot;,&quot;st&quot;:1444458954058,&quot;mt&quot;:1444458953980}},&quot;app-global&quot;:{&quot;{972ce4c6-7e08-4474-a285-3208198ce6fd}&quot;:{&quot;d&quot;:&quot;C:\\Program Files (x86)\\Mozilla Firefox\\browser\\extensions\\{972ce4c6-7e08-4474-a285-3208198ce6fd}&quot;,&quot;e&quot;:true,&quot;v&quot;:&quot;41.0.1&quot;,&quot;st&quot;:1444402416144,&quot;mt&quot;:1443569298000}}}
1444458962321	addons.xpi	DEBUG	getModTime: Recursive scan of fxdriver@googlecode.com
1444458962334	addons.xpi	DEBUG	getModTime: Recursive scan of {972ce4c6-7e08-4474-a285-3208198ce6fd}
1444458962335	addons.xpi	DEBUG	getInstallState changed: false, state: {&quot;app-profile&quot;:{&quot;fxdriver@googlecode.com&quot;:{&quot;d&quot;:&quot;C:\\Users\\user\\AppData\\Local\\Temp\\anonymous7675124777387963881webdriver-profile\\extensions\\fxdriver@googlecode.com&quot;,&quot;e&quot;:true,&quot;v&quot;:&quot;2.44.0&quot;,&quot;st&quot;:1444458954058,&quot;mt&quot;:1444458953980}},&quot;app-global&quot;:{&quot;{972ce4c6-7e08-4474-a285-3208198ce6fd}&quot;:{&quot;d&quot;:&quot;C:\\Program Files (x86)\\Mozilla Firefox\\browser\\extensions\\{972ce4c6-7e08-4474-a285-3208198ce6fd}&quot;,&quot;e&quot;:true,&quot;v&quot;:&quot;41.0.1&quot;,&quot;st&quot;:1444402416144,&quot;mt&quot;:1443569298000}}}
1444458962337	addons.xpi	DEBUG	No changes found
1444458962351	addons.manager	DEBUG	Registering shutdown blocker for XPIProvider
1444458962352	addons.manager	DEBUG	Provider finished startup: XPIProvider
1444458962352	addons.manager	DEBUG	Starting provider: LightweightThemeManager
1444458962352	addons.manager	DEBUG	Registering shutdown blocker for LightweightThemeManager
1444458962353	addons.manager	DEBUG	Provider finished startup: LightweightThemeManager
1444458962353	addons.manager	DEBUG	Starting provider: GMPProvider
1444458962361	addons.manager	DEBUG	Registering shutdown blocker for GMPProvider
1444458962361	addons.manager	DEBUG	Provider finished startup: GMPProvider
1444458962362	addons.manager	DEBUG	Starting provider: PluginProvider
1444458962362	addons.manager	DEBUG	Registering shutdown blocker for PluginProvider
1444458962362	addons.manager	DEBUG	Provider finished startup: PluginProvider
1444458962363	addons.manager	DEBUG	Completed startup sequence
1444458962575	addons.xpi-utils	DEBUG	Starting async load of XPI database C:\Users\user\AppData\Local\Temp\anonymous7675124777387963881webdriver-profile\extensions.json
*** Blocklist::_loadBlocklistFromFile: blocklist is disabled
1444458962815	addons.manager	DEBUG	Starting provider: &lt;unnamed-provider&gt;
1444458962815	addons.manager	DEBUG	Registering shutdown blocker for &lt;unnamed-provider&gt;
1444458962816	addons.manager	DEBUG	Provider finished startup: &lt;unnamed-provider&gt;
1444458963192	addons.xpi-utils	DEBUG	Async JSON file read took 0 MS
1444458963192	addons.xpi-utils	DEBUG	Finished async read of XPI database, parsing...
1444458963194	addons.xpi-utils	DEBUG	Successfully read XPI database
1444458963472	addons.manager	DEBUG	Starting provider: PreviousExperimentProvider
1444458963473	addons.manager	DEBUG	Registering shutdown blocker for PreviousExperimentProvider
1444458963473	addons.manager	DEBUG	Provider finished startup: PreviousExperimentProvider
JavaScript error: file:///C:/Users/user/AppData/Local/Temp/anonymous7675124777387963881webdriver-profile/extensions/fxdriver@googlecode.com/components/driver-component.js, line 11487: TypeError: this.server_ is undefined
JavaScript error: chrome://fxdriver/content/server.js, line 38: NS_ERROR_XPC_CI_RETURNED_FAILURE: Component returned failure code: 0x80570015 (NS_ERROR_XPC_CI_RETURNED_FAILURE) [nsIJSCID.createInstance]

Command duration or timeout: 57.22 seconds
Build info: version: &#039;2.47.1&#039;, revision: &#039;411b314&#039;, time: &#039;2015-07-30 03:03:16&#039;
System info: host: &#039;sys&#039;, ip: &#039;192.168.0.21&#039;, os.name: &#039;Windows 7&#039;, os.arch: &#039;amd64&#039;, os.version: &#039;6.1&#039;, java.version: &#039;1.7.0_55&#039;
Driver info: org.openqa.selenium.remote.RemoteWebDriver">
      <![CDATA[org.openqa.selenium.WebDriverException: Unable to connect to host 127.0.0.1 on port 7055 after 45000 ms. Firefox console output:
mp\anonymous7675124777387963881webdriver-profile\extensions\webdriver-staging
1444458962316	addons.xpi	INFO	Mapping {972ce4c6-7e08-4474-a285-3208198ce6fd} to C:\Program Files (x86)\Mozilla Firefox\browser\extensions\{972ce4c6-7e08-4474-a285-3208198ce6fd}
1444458962317	addons.xpi	DEBUG	Skipping unavailable install location app-system-share
1444458962317	addons.xpi	DEBUG	Skipping unavailable install location app-system-local
1444458962319	addons.xpi	DEBUG	checkForChanges
1444458962319	addons.xpi	DEBUG	Loaded add-on state from prefs: {"app-profile":{"fxdriver@googlecode.com":{"d":"C:\\Users\\user\\AppData\\Local\\Temp\\anonymous7675124777387963881webdriver-profile\\extensions\\fxdriver@googlecode.com","e":true,"v":"2.44.0","st":1444458954058,"mt":1444458953980}},"app-global":{"{972ce4c6-7e08-4474-a285-3208198ce6fd}":{"d":"C:\\Program Files (x86)\\Mozilla Firefox\\browser\\extensions\\{972ce4c6-7e08-4474-a285-3208198ce6fd}","e":true,"v":"41.0.1","st":1444402416144,"mt":1443569298000}}}
1444458962321	addons.xpi	DEBUG	getModTime: Recursive scan of fxdriver@googlecode.com
1444458962334	addons.xpi	DEBUG	getModTime: Recursive scan of {972ce4c6-7e08-4474-a285-3208198ce6fd}
1444458962335	addons.xpi	DEBUG	getInstallState changed: false, state: {"app-profile":{"fxdriver@googlecode.com":{"d":"C:\\Users\\user\\AppData\\Local\\Temp\\anonymous7675124777387963881webdriver-profile\\extensions\\fxdriver@googlecode.com","e":true,"v":"2.44.0","st":1444458954058,"mt":1444458953980}},"app-global":{"{972ce4c6-7e08-4474-a285-3208198ce6fd}":{"d":"C:\\Program Files (x86)\\Mozilla Firefox\\browser\\extensions\\{972ce4c6-7e08-4474-a285-3208198ce6fd}","e":true,"v":"41.0.1","st":1444402416144,"mt":1443569298000}}}
1444458962337	addons.xpi	DEBUG	No changes found
1444458962351	addons.manager	DEBUG	Registering shutdown blocker for XPIProvider
1444458962352	addons.manager	DEBUG	Provider finished startup: XPIProvider
1444458962352	addons.manager	DEBUG	Starting provider: LightweightThemeManager
1444458962352	addons.manager	DEBUG	Registering shutdown blocker for LightweightThemeManager
1444458962353	addons.manager	DEBUG	Provider finished startup: LightweightThemeManager
1444458962353	addons.manager	DEBUG	Starting provider: GMPProvider
1444458962361	addons.manager	DEBUG	Registering shutdown blocker for GMPProvider
1444458962361	addons.manager	DEBUG	Provider finished startup: GMPProvider
1444458962362	addons.manager	DEBUG	Starting provider: PluginProvider
1444458962362	addons.manager	DEBUG	Registering shutdown blocker for PluginProvider
1444458962362	addons.manager	DEBUG	Provider finished startup: PluginProvider
1444458962363	addons.manager	DEBUG	Completed startup sequence
1444458962575	addons.xpi-utils	DEBUG	Starting async load of XPI database C:\Users\user\AppData\Local\Temp\anonymous7675124777387963881webdriver-profile\extensions.json
*** Blocklist::_loadBlocklistFromFile: blocklist is disabled
1444458962815	addons.manager	DEBUG	Starting provider: <unnamed-provider>
1444458962815	addons.manager	DEBUG	Registering shutdown blocker for <unnamed-provider>
1444458962816	addons.manager	DEBUG	Provider finished startup: <unnamed-provider>
1444458963192	addons.xpi-utils	DEBUG	Async JSON file read took 0 MS
1444458963192	addons.xpi-utils	DEBUG	Finished async read of XPI database, parsing...
1444458963194	addons.xpi-utils	DEBUG	Successfully read XPI database
1444458963472	addons.manager	DEBUG	Starting provider: PreviousExperimentProvider
1444458963473	addons.manager	DEBUG	Registering shutdown blocker for PreviousExperimentProvider
1444458963473	addons.manager	DEBUG	Provider finished startup: PreviousExperimentProvider
JavaScript error: file:///C:/Users/user/AppData/Local/Temp/anonymous7675124777387963881webdriver-profile/extensions/fxdriver@googlecode.com/components/driver-component.js, line 11487: TypeError: this.server_ is undefined
JavaScript error: chrome://fxdriver/content/server.js, line 38: NS_ERROR_XPC_CI_RETURNED_FAILURE: Component returned failure code: 0x80570015 (NS_ERROR_XPC_CI_RETURNED_FAILURE) [nsIJSCID.createInstance]

Command duration or timeout: 57.22 seconds
Build info: version: '2.47.1', revision: '411b314', time: '2015-07-30 03:03:16'
System info: host: 'sys', ip: '192.168.0.21', os.name: 'Windows 7', os.arch: 'amd64', os.version: '6.1', java.version: '1.7.0_55'
Driver info: org.openqa.selenium.remote.RemoteWebDriver
	at sun.reflect.NativeConstructorAccessorImpl.newInstance0(Native Method)
	at sun.reflect.NativeConstructorAccessorImpl.newInstance(Unknown Source)
	at sun.reflect.DelegatingConstructorAccessorImpl.newInstance(Unknown Source)
	at java.lang.reflect.Constructor.newInstance(Unknown Source)
	at org.openqa.selenium.remote.ErrorHandler.createThrowable(ErrorHandler.java:206)
	at org.openqa.selenium.remote.ErrorHandler.throwIfResponseFailed(ErrorHandler.java:158)
	at org.openqa.selenium.remote.RemoteWebDriver.execute(RemoteWebDriver.java:595)
	at org.openqa.selenium.remote.RemoteWebDriver.startSession(RemoteWebDriver.java:242)
	at org.openqa.selenium.remote.RemoteWebDriver.<init>(RemoteWebDriver.java:128)
	at org.openqa.selenium.remote.RemoteWebDriver.<init>(RemoteWebDriver.java:155)
	at day25.YahooLogin.loginTest(YahooLogin.java:21)
	at sun.reflect.NativeMethodAccessorImpl.invoke0(Native Method)
	at sun.reflect.NativeMethodAccessorImpl.invoke(Unknown Source)
	at sun.reflect.DelegatingMethodAccessorImpl.invoke(Unknown Source)
	at java.lang.reflect.Method.invoke(Unknown Source)
	at org.testng.internal.MethodInvocationHelper.invokeMethod(MethodInvocationHelper.java:84)
	at org.testng.internal.Invoker.invokeMethod(Invoker.java:714)
	at org.testng.internal.Invoker.invokeTestMethod(Invoker.java:901)
	at org.testng.internal.Invoker.invokeTestMethods(Invoker.java:1231)
	at org.testng.internal.TestMethodWorker.invokeTestMethods(TestMethodWorker.java:127)
	at org.testng.internal.TestMethodWorker.run(TestMethodWorker.java:111)
	at org.testng.TestRunner.privateRun(TestRunner.java:767)
	at org.testng.TestRunner.run(TestRunner.java:617)
	at org.testng.SuiteRunner.runTest(SuiteRunner.java:334)
	at org.testng.SuiteRunner.runSequentially(SuiteRunner.java:329)
	at org.testng.SuiteRunner.privateRun(SuiteRunner.java:291)
	at org.testng.SuiteRunner.run(SuiteRunner.java:240)
	at org.testng.SuiteRunnerWorker.runSuite(SuiteRunnerWorker.java:52)
	at org.testng.SuiteRunnerWorker.run(SuiteRunnerWorker.java:86)
	at org.testng.TestNG.runSuitesSequentially(TestNG.java:1224)
	at org.testng.TestNG.runSuitesLocally(TestNG.java:1149)
	at org.testng.TestNG.run(TestNG.java:1057)
	at org.testng.remote.RemoteTestNG.run(RemoteTestNG.java:111)
	at org.testng.remote.RemoteTestNG.initAndRun(RemoteTestNG.java:204)
	at org.testng.remote.RemoteTestNG.main(RemoteTestNG.java:175)
Caused by: org.openqa.selenium.remote.ErrorHandler$UnknownServerException: Unable to connect to host 127.0.0.1 on port 7055 after 45000 ms. Firefox console output:
mp\anonymous7675124777387963881webdriver-profile\extensions\webdriver-staging
1444458962316	addons.xpi	INFO	Mapping {972ce4c6-7e08-4474-a285-3208198ce6fd} to C:\Program Files (x86)\Mozilla Firefox\browser\extensions\{972ce4c6-7e08-4474-a285-3208198ce6fd}
1444458962317	addons.xpi	DEBUG	Skipping unavailable install location app-system-share
1444458962317	addons.xpi	DEBUG	Skipping unavailable install location app-system-local
1444458962319	addons.xpi	DEBUG	checkForChanges
1444458962319	addons.xpi	DEBUG	Loaded add-on state from prefs: {"app-profile":{"fxdriver@googlecode.com":{"d":"C:\\Users\\user\\AppData\\Local\\Temp\\anonymous7675124777387963881webdriver-profile\\extensions\\fxdriver@googlecode.com","e":true,"v":"2.44.0","st":1444458954058,"mt":1444458953980}},"app-global":{"{972ce4c6-7e08-4474-a285-3208198ce6fd}":{"d":"C:\\Program Files (x86)\\Mozilla Firefox\\browser\\extensions\\{972ce4c6-7e08-4474-a285-3208198ce6fd}","e":true,"v":"41.0.1","st":1444402416144,"mt":1443569298000}}}
1444458962321	addons.xpi	DEBUG	getModTime: Recursive scan of fxdriver@googlecode.com
1444458962334	addons.xpi	DEBUG	getModTime: Recursive scan of {972ce4c6-7e08-4474-a285-3208198ce6fd}
1444458962335	addons.xpi	DEBUG	getInstallState changed: false, state: {"app-profile":{"fxdriver@googlecode.com":{"d":"C:\\Users\\user\\AppData\\Local\\Temp\\anonymous7675124777387963881webdriver-profile\\extensions\\fxdriver@googlecode.com","e":true,"v":"2.44.0","st":1444458954058,"mt":1444458953980}},"app-global":{"{972ce4c6-7e08-4474-a285-3208198ce6fd}":{"d":"C:\\Program Files (x86)\\Mozilla Firefox\\browser\\extensions\\{972ce4c6-7e08-4474-a285-3208198ce6fd}","e":true,"v":"41.0.1","st":1444402416144,"mt":1443569298000}}}
1444458962337	addons.xpi	DEBUG	No changes found
1444458962351	addons.manager	DEBUG	Registering shutdown blocker for XPIProvider
1444458962352	addons.manager	DEBUG	Provider finished startup: XPIProvider
1444458962352	addons.manager	DEBUG	Starting provider: LightweightThemeManager
1444458962352	addons.manager	DEBUG	Registering shutdown blocker for LightweightThemeManager
1444458962353	addons.manager	DEBUG	Provider finished startup: LightweightThemeManager
1444458962353	addons.manager	DEBUG	Starting provider: GMPProvider
1444458962361	addons.manager	DEBUG	Registering shutdown blocker for GMPProvider
1444458962361	addons.manager	DEBUG	Provider finished startup: GMPProvider
1444458962362	addons.manager	DEBUG	Starting provider: PluginProvider
1444458962362	addons.manager	DEBUG	Registering shutdown blocker for PluginProvider
1444458962362	addons.manager	DEBUG	Provider finished startup: PluginProvider
1444458962363	addons.manager	DEBUG	Completed startup sequence
1444458962575	addons.xpi-utils	DEBUG	Starting async load of XPI database C:\Users\user\AppData\Local\Temp\anonymous7675124777387963881webdriver-profile\extensions.json
*** Blocklist::_loadBlocklistFromFile: blocklist is disabled
1444458962815	addons.manager	DEBUG	Starting provider: <unnamed-provider>
1444458962815	addons.manager	DEBUG	Registering shutdown blocker for <unnamed-provider>
1444458962816	addons.manager	DEBUG	Provider finished startup: <unnamed-provider>
1444458963192	addons.xpi-utils	DEBUG	Async JSON file read took 0 MS
1444458963192	addons.xpi-utils	DEBUG	Finished async read of XPI database, parsing...
1444458963194	addons.xpi-utils	DEBUG	Successfully read XPI database
1444458963472	addons.manager	DEBUG	Starting provider: PreviousExperimentProvider
1444458963473	addons.manager	DEBUG	Registering shutdown blocker for PreviousExperimentProvider
1444458963473	addons.manager	DEBUG	Provider finished startup: PreviousExperimentProvider
JavaScript error: file:///C:/Users/user/AppData/Local/Temp/anonymous7675124777387963881webdriver-profile/extensions/fxdriver@googlecode.com/components/driver-component.js, line 11487: TypeError: this.server_ is undefined
JavaScript error: chrome://fxdriver/content/server.js, line 38: NS_ERROR_XPC_CI_RETURNED_FAILURE: Component returned failure code: 0x80570015 (NS_ERROR_XPC_CI_RETURNED_FAILURE) [nsIJSCID.createInstance]

Build info: version: '2.47.1', revision: '411b314', time: '2015-07-30 03:03:16'
System info: host: 'sys', ip: '192.168.0.21', os.name: 'Windows 7', os.arch: 'amd64', os.version: '6.1', java.version: '1.7.0_55'
Driver info: driver.version: FirefoxDriver
	at org.openqa.selenium.firefox.internal.NewProfileExtensionConnection.start(NewProfileExtensionConnection.java:118)
	at org.openqa.selenium.firefox.FirefoxDriver.startClient(FirefoxDriver.java:246)
	at org.openqa.selenium.remote.RemoteWebDriver.<init>(RemoteWebDriver.java:114)
	at org.openqa.selenium.firefox.FirefoxDriver.<init>(FirefoxDriver.java:193)
	at org.openqa.selenium.firefox.FirefoxDriver.<init>(FirefoxDriver.java:186)
	at org.openqa.selenium.firefox.FirefoxDriver.<init>(FirefoxDriver.java:104)
	at sun.reflect.NativeConstructorAccessorImpl.newInstance0(Native Method)
	at sun.reflect.NativeConstructorAccessorImpl.newInstance(Unknown Source)
	at sun.reflect.DelegatingConstructorAccessorImpl.newInstance(Unknown Source)
	at java.lang.reflect.Constructor.newInstance(Unknown Source)
	at org.openqa.selenium.remote.server.DefaultDriverProvider.callConstructor(DefaultDriverProvider.java:59)
	at org.openqa.selenium.remote.server.DefaultDriverProvider.newInstance(DefaultDriverProvider.java:53)
	at org.openqa.selenium.remote.server.DefaultDriverFactory.newInstance(DefaultDriverFactory.java:54)
	at org.openqa.selenium.remote.server.DefaultSession$BrowserCreator.call(DefaultSession.java:214)
	at org.openqa.selenium.remote.server.DefaultSession$BrowserCreator.call(DefaultSession.java:1)
	at java.util.concurrent.FutureTask.run(Unknown Source)
	at org.openqa.selenium.remote.server.DefaultSession$1.run(DefaultSession.java:168)
	at java.util.concurrent.ThreadPoolExecutor.runWorker(Unknown Source)
	at java.util.concurrent.ThreadPoolExecutor$Worker.run(Unknown Source)
	at java.lang.Thread.run(Unknown Source)
]]>
    </failure>
  </testcase> <!-- loginTest -->
</testsuite> <!-- day25.YahooLogin -->
