<?xml version="1.0" encoding="UTF-8"?>
<!-- Generated by org.testng.reporters.JUnitReportReporter -->
<testsuite hostname="sys" name="day17.WebtableTesting2" tests="1" failures="0" timestamp="29 Sep 2015 04:51:54 GMT" time="27.500" errors="0">
  <testcase name="webtableTest" time="27.500" classname="day17.WebtableTesting2"/>
</testsuite> <!-- day17.WebtableTesting2 -->
