<?xml version="1.0" encoding="UTF-8"?>
<!-- Generated by org.testng.reporters.JUnitReportReporter -->
<testsuite hostname="sys" name="day21.AlertHandling" tests="1" failures="0" timestamp="3 Oct 2015 05:20:25 GMT" time="20.997" errors="0">
  <testcase name="dropdownTest" time="20.997" classname="day21.AlertHandling"/>
</testsuite> <!-- day21.AlertHandling -->
