<?xml version="1.0" encoding="UTF-8"?>
<!-- Generated by org.testng.reporters.JUnitReportReporter -->
<testsuite hostname="sys" name="day14.DynamicXpaths" tests="1" failures="0" timestamp="24 Sep 2015 05:22:00 GMT" time="13.462" errors="0">
  <testcase name="xpathTest" time="13.462" classname="day14.DynamicXpaths"/>
</testsuite> <!-- day14.DynamicXpaths -->
