<?xml version="1.0" encoding="UTF-8"?>
<!-- Generated by org.testng.reporters.JUnitReportReporter -->
<testsuite hostname="sys" name="day11.RadioButtonsTesting2" tests="1" failures="0" timestamp="21 Sep 2015 05:25:39 GMT" time="10.329" errors="0">
  <testcase name="radioButtonsTest" time="10.329" classname="day11.RadioButtonsTesting2"/>
</testsuite> <!-- day11.RadioButtonsTesting2 -->
